<?xml version="1.0" encoding="UTF-8"?>
<!-- Generated by org.testng.reporters.JUnitReportReporter -->
<testsuite hostname="SHALINI" failures="0" tests="2" name="com.org.Task7" time="327.007" errors="0" timestamp="2021-11-20T01:43:31 PST" skipped="0">
  <testcase classname="com.org.Task7" name="Anna_Univ" time="110.124"/>
  <system-out/>
  <testcase classname="com.org.Task7" name="Madras_Univ" time="216.883"/>
  <system-out/>
</testsuite> <!-- com.org.Task7 -->
