<?xml version="1.0" encoding="UTF-8"?>
<!-- Generated by org.testng.reporters.JUnitReportReporter -->
<testsuite hostname="SHALINI" failures="0" tests="2" name="com.org.method1" time="70.005" errors="0" timestamp="2021-11-20T06:43:08 PST" skipped="0">
  <testcase classname="com.org.method1" name="set_Up1" time="57.124"/>
  <system-out/>
  <testcase classname="com.org.method1" name="set_Up" time="12.881"/>
  <system-out/>
</testsuite> <!-- com.org.method1 -->
