<?xml version="1.0" encoding="UTF-8"?>
<!-- Generated by org.testng.reporters.JUnitReportReporter -->
<testsuite hostname="SHALINI" failures="0" tests="4" name="com.org.Dataprovider" time="28.497" errors="0" timestamp="2021-11-22T23:51:21 PST" skipped="0">
  <testcase classname="com.org.Dataprovider" name="facebook_Login" time="14.234"/>
  <system-out/>
  <testcase classname="com.org.Dataprovider" name="kkk" time="0.006"/>
  <system-out/>
  <testcase classname="com.org.Dataprovider" name="facebook_Login" time="7.528"/>
  <system-out/>
  <testcase classname="com.org.Dataprovider" name="facebook_Login" time="6.729"/>
  <system-out/>
</testsuite> <!-- com.org.Dataprovider -->
