<?xml version="1.0" encoding="UTF-8"?>
<!-- Generated by org.testng.reporters.JUnitReportReporter -->
<testsuite hostname="SHALINI" failures="0" tests="3" name="com.org.task4" time="0.042" errors="0" timestamp="2021-11-18T01:45:20 PST" skipped="0">
  <testcase classname="com.org.task4" name="flipkart_login" time="0.007"/>
  <system-out/>
  <testcase classname="com.org.task4" name="amzon_login" time="0.020"/>
  <system-out/>
  <testcase classname="com.org.task4" name="facebook_login" time="0.015"/>
  <system-out/>
</testsuite> <!-- com.org.task4 -->
