<?xml version="1.0" encoding="UTF-8"?>
<!-- Generated by org.testng.reporters.JUnitReportReporter -->
<testsuite hostname="SHALINI" failures="0" tests="1" name="com.org.check" time="0.016" errors="0" timestamp="2021-11-22T23:48:51 PST" skipped="0">
  <testcase classname="com.org.check" name="aaa" time="0.016"/>
  <system-out/>
</testsuite> <!-- com.org.check -->
