<?xml version="1.0" encoding="UTF-8"?>
<!-- Generated by org.testng.reporters.JUnitReportReporter -->
<testsuite hostname="SHALINI" failures="0" tests="1" name="com.org.Exceptiontest" time="6.840" errors="0" timestamp="2021-11-19T21:12:52 PST" skipped="0">
  <testcase classname="com.org.Exceptiontest" name="insta" time="6.840"/>
  <system-out/>
</testsuite> <!-- com.org.Exceptiontest -->
