<?xml version="1.0" encoding="UTF-8"?>
<!-- Generated by org.testng.reporters.JUnitReportReporter -->
<testsuite hostname="SHALINI" failures="0" tests="5" name="com.org.Grouping" time="0.049" errors="0" timestamp="2021-11-18T02:09:30 PST" skipped="0">
  <testcase classname="com.org.Grouping" name="player_Age" time="0.020"/>
  <system-out/>
  <testcase classname="com.org.Grouping" name="team_1" time="0.006"/>
  <system-out/>
  <testcase classname="com.org.Grouping" name="team1_loc" time="0.005"/>
  <system-out/>
  <testcase classname="com.org.Grouping" name="team_2" time="0.006"/>
  <system-out/>
  <testcase classname="com.org.Grouping" name="team2_loc" time="0.012"/>
  <system-out/>
</testsuite> <!-- com.org.Grouping -->
