<?xml version="1.0" encoding="UTF-8"?>
<!-- Generated by org.testng.reporters.JUnitReportReporter -->
<testsuite hostname="SHALINI" failures="0" tests="3" name="com.org.IgnoreConcept" time="0.041" errors="0" timestamp="2021-11-15T22:21:50 PST" skipped="0">
  <testcase classname="com.org.IgnoreConcept" name="myntra_page" time="0.026"/>
  <system-out/>
  <testcase classname="com.org.IgnoreConcept" name="flipkart_Page" time="0.006"/>
  <system-out/>
  <testcase classname="com.org.IgnoreConcept" name="facebook_page" time="0.009"/>
  <system-out/>
</testsuite> <!-- com.org.IgnoreConcept -->
